05-29 11:49:24 com_github_MitjaNemec_PlaceFootprints.action_place_footprints 405:Plugin executed on: 'linux'
05-29 11:49:24 com_github_MitjaNemec_PlaceFootprints.action_place_footprints 406:Plugin executed with python version: '3.10.12 (main, Nov 20 2023, 15:14:05) [GCC 11.4.0]'
05-29 11:49:24 com_github_MitjaNemec_PlaceFootprints.action_place_footprints 407:KiCad build version: 7.0.11-7.0.11~ubuntu22.04.1
05-29 11:49:24 com_github_MitjaNemec_PlaceFootprints.action_place_footprints 408:Plugin version: 2.0.3
05-29 11:49:24 com_github_MitjaNemec_PlaceFootprints.action_place_footprints 409:Frame repr: <wx._core.Frame object at 0x7f3e6b2a16c0>
05-29 11:53:28 hierpcb 49:Plugin v0.0.1 running on KiCad 7.0.11-7.0.11~ubuntu22.04.1 and Python 3.10.12 (main, Nov 20 2023, 15:14:05) [GCC 11.4.0] on linux.
05-29 11:53:28 hierpcb 20:Config file /home/joe/git/analog-clock-module/Hardware/analog-clock-module/analog-clock-module.kicad_pcb.hierpcb.json not found. Creating new one.
05-29 11:53:28 hierpcb 59:
├─ Clock Inner Hand
05-29 11:54:28 hierpcb 49:Plugin v0.0.1 running on KiCad 7.0.11-7.0.11~ubuntu22.04.1 and Python 3.10.12 (main, Nov 20 2023, 15:14:05) [GCC 11.4.0] on linux.
05-29 11:54:28 hierpcb 29:Imported /home/joe/git/analog-clock-module/Hardware/analog-clock-module/ClockInnerHand.kicad_pcb, with 10 footprints, 28 tracks, and 0 drawings.
05-29 11:54:28 hierpcb 59:
├─ Clock Inner Hand (+ PCB /home/joe/git/analog-clock-module/Hardware/analog-clock-module/ClockInnerHand.kicad_pcb)
05-29 11:54:28 hierpcb 61:PCB /home/joe/git/analog-clock-module/Hardware/analog-clock-module/ClockInnerHand.kicad_pcb
  /b69d5859/f9457975: D206
  /b69d5859/f5e8ff5e: D208
  /b69d5859/04eff4c4: D201
  /b69d5859/0ece1f05: D203
  /b69d5859/2daeec3b: D204
  /b69d5859/3d459df6: D202
  /b69d5859/a9673fd9: D207
  /b69d5859/4b370403: D210
  /b69d5859/5f5806f9: D205
  /b69d5859/7fbbbc1d: D209
05-29 11:54:30 hierpcb 124:Selected for 0 : /home/joe/git/analog-clock-module/Hardware/analog-clock-module/ClockInnerHand.kicad_pcb
05-29 11:54:30 hierpcb 141:Anchors  (D201): ['D201', 'D202', 'D203', 'D204', 'D205', 'D206', 'D207', 'D208', 'D209', 'D210']
05-29 11:54:32 hierpcb 68:Saved.
05-29 11:54:34 hierpcb 49:Plugin v0.0.1 running on KiCad 7.0.11-7.0.11~ubuntu22.04.1 and Python 3.10.12 (main, Nov 20 2023, 15:14:05) [GCC 11.4.0] on linux.
05-29 11:54:34 hierpcb 29:Imported /home/joe/git/analog-clock-module/Hardware/analog-clock-module/ClockInnerHand.kicad_pcb, with 10 footprints, 28 tracks, and 0 drawings.
05-29 11:54:34 hierpcb 59:
├─ Clock Inner Hand (+ PCB /home/joe/git/analog-clock-module/Hardware/analog-clock-module/ClockInnerHand.kicad_pcb)
05-29 11:54:34 hierpcb 61:PCB /home/joe/git/analog-clock-module/Hardware/analog-clock-module/ClockInnerHand.kicad_pcb
  /b69d5859/f9457975: D206
  /b69d5859/f5e8ff5e: D208
  /b69d5859/04eff4c4: D201
  /b69d5859/0ece1f05: D203
  /b69d5859/2daeec3b: D204
  /b69d5859/3d459df6: D202
  /b69d5859/a9673fd9: D207
  /b69d5859/4b370403: D210
  /b69d5859/5f5806f9: D205
  /b69d5859/7fbbbc1d: D209
05-29 11:54:36 hierpcb 124:Selected for 0 : /home/joe/git/analog-clock-module/Hardware/analog-clock-module/ClockInnerHand.kicad_pcb
05-29 11:54:36 hierpcb 141:Anchors  (D201): ['D201', 'D202', 'D203', 'D204', 'D205', 'D206', 'D207', 'D208', 'D209', 'D210']
05-29 11:54:39 hierpcb 68:Saved.
05-29 11:55:46 hierpcb 49:Plugin v0.0.1 running on KiCad 7.0.11-7.0.11~ubuntu22.04.1 and Python 3.10.12 (main, Nov 20 2023, 15:14:05) [GCC 11.4.0] on linux.
05-29 11:55:46 hierpcb 29:Imported /home/joe/git/analog-clock-module/Hardware/analog-clock-module/ClockInnerHand.kicad_pcb, with 10 footprints, 28 tracks, and 0 drawings.
05-29 11:55:46 hierpcb 59:
├─ Clock Inner Hand1 (+ PCB /home/joe/git/analog-clock-module/Hardware/analog-clock-module/ClockInnerHand.kicad_pcb)
├─ Clock Inner Hand (+ PCB /home/joe/git/analog-clock-module/Hardware/analog-clock-module/ClockInnerHand.kicad_pcb)
05-29 11:55:46 hierpcb 61:PCB /home/joe/git/analog-clock-module/Hardware/analog-clock-module/ClockInnerHand.kicad_pcb
  /b69d5859/f9457975: D206
  /b69d5859/f5e8ff5e: D208
  /b69d5859/04eff4c4: D201
  /b69d5859/0ece1f05: D203
  /b69d5859/2daeec3b: D204
  /b69d5859/3d459df6: D202
  /b69d5859/a9673fd9: D207
  /b69d5859/4b370403: D210
  /b69d5859/5f5806f9: D205
  /b69d5859/7fbbbc1d: D209
05-29 11:55:48 hierpcb 124:Selected for 0 : /home/joe/git/analog-clock-module/Hardware/analog-clock-module/ClockInnerHand.kicad_pcb
05-29 11:55:48 hierpcb 141:Anchors  (D201): ['D201', 'D202', 'D203', 'D204', 'D205', 'D206', 'D207', 'D208', 'D209', 'D210']
05-29 11:55:58 hierpcb 49:Plugin v0.0.1 running on KiCad 7.0.11-7.0.11~ubuntu22.04.1 and Python 3.10.12 (main, Nov 20 2023, 15:14:05) [GCC 11.4.0] on linux.
05-29 11:55:58 hierpcb 29:Imported /home/joe/git/analog-clock-module/Hardware/analog-clock-module/ClockInnerHand.kicad_pcb, with 10 footprints, 28 tracks, and 0 drawings.
05-29 11:55:58 hierpcb 59:
├─ Clock Inner Hand1 (+ PCB /home/joe/git/analog-clock-module/Hardware/analog-clock-module/ClockInnerHand.kicad_pcb)
├─ Clock Inner Hand (+ PCB /home/joe/git/analog-clock-module/Hardware/analog-clock-module/ClockInnerHand.kicad_pcb)
05-29 11:55:58 hierpcb 61:PCB /home/joe/git/analog-clock-module/Hardware/analog-clock-module/ClockInnerHand.kicad_pcb
  /b69d5859/f9457975: D206
  /b69d5859/f5e8ff5e: D208
  /b69d5859/04eff4c4: D201
  /b69d5859/0ece1f05: D203
  /b69d5859/2daeec3b: D204
  /b69d5859/3d459df6: D202
  /b69d5859/a9673fd9: D207
  /b69d5859/4b370403: D210
  /b69d5859/5f5806f9: D205
  /b69d5859/7fbbbc1d: D209
05-29 11:56:04 hierpcb 49:Plugin v0.0.1 running on KiCad 7.0.11-7.0.11~ubuntu22.04.1 and Python 3.10.12 (main, Nov 20 2023, 15:14:05) [GCC 11.4.0] on linux.
05-29 11:56:04 hierpcb 29:Imported /home/joe/git/analog-clock-module/Hardware/analog-clock-module/ClockInnerHand.kicad_pcb, with 10 footprints, 28 tracks, and 0 drawings.
05-29 11:56:04 hierpcb 59:
├─ Clock Inner Hand1 (+ PCB /home/joe/git/analog-clock-module/Hardware/analog-clock-module/ClockInnerHand.kicad_pcb)
├─ Clock Inner Hand (+ PCB /home/joe/git/analog-clock-module/Hardware/analog-clock-module/ClockInnerHand.kicad_pcb)
05-29 11:56:04 hierpcb 61:PCB /home/joe/git/analog-clock-module/Hardware/analog-clock-module/ClockInnerHand.kicad_pcb
  /b69d5859/f9457975: D206
  /b69d5859/f5e8ff5e: D208
  /b69d5859/04eff4c4: D201
  /b69d5859/0ece1f05: D203
  /b69d5859/2daeec3b: D204
  /b69d5859/3d459df6: D202
  /b69d5859/a9673fd9: D207
  /b69d5859/4b370403: D210
  /b69d5859/5f5806f9: D205
  /b69d5859/7fbbbc1d: D209
05-29 11:56:08 hierpcb 124:Selected for 0 : /home/joe/git/analog-clock-module/Hardware/analog-clock-module/ClockInnerHand.kicad_pcb
05-29 11:56:08 hierpcb 141:Anchors  (D201): ['D201', 'D202', 'D203', 'D204', 'D205', 'D206', 'D207', 'D208', 'D209', 'D210']
05-29 11:56:09 hierpcb 68:Saved.
05-29 11:56:14 hierpcb 49:Plugin v0.0.1 running on KiCad 7.0.11-7.0.11~ubuntu22.04.1 and Python 3.10.12 (main, Nov 20 2023, 15:14:05) [GCC 11.4.0] on linux.
05-29 11:56:14 hierpcb 29:Imported /home/joe/git/analog-clock-module/Hardware/analog-clock-module/ClockInnerHand.kicad_pcb, with 10 footprints, 28 tracks, and 0 drawings.
05-29 11:56:14 hierpcb 59:
├─ Clock Inner Hand1 (+ PCB /home/joe/git/analog-clock-module/Hardware/analog-clock-module/ClockInnerHand.kicad_pcb)
├─ Clock Inner Hand (+ PCB /home/joe/git/analog-clock-module/Hardware/analog-clock-module/ClockInnerHand.kicad_pcb)
05-29 11:56:14 hierpcb 61:PCB /home/joe/git/analog-clock-module/Hardware/analog-clock-module/ClockInnerHand.kicad_pcb
  /b69d5859/f9457975: D206
  /b69d5859/f5e8ff5e: D208
  /b69d5859/04eff4c4: D201
  /b69d5859/0ece1f05: D203
  /b69d5859/2daeec3b: D204
  /b69d5859/3d459df6: D202
  /b69d5859/a9673fd9: D207
  /b69d5859/4b370403: D210
  /b69d5859/5f5806f9: D205
  /b69d5859/7fbbbc1d: D209
05-29 11:57:02 hierpcb 49:Plugin v0.0.1 running on KiCad 7.0.11-7.0.11~ubuntu22.04.1 and Python 3.10.12 (main, Nov 20 2023, 15:14:05) [GCC 11.4.0] on linux.
05-29 11:57:02 hierpcb 29:Imported /home/joe/git/analog-clock-module/Hardware/analog-clock-module/ClockInnerHand.kicad_pcb, with 10 footprints, 28 tracks, and 0 drawings.
05-29 11:57:02 hierpcb 59:
├─ Clock Inner Hand1 (+ PCB /home/joe/git/analog-clock-module/Hardware/analog-clock-module/ClockInnerHand.kicad_pcb)
├─ Clock Inner Hand (+ PCB /home/joe/git/analog-clock-module/Hardware/analog-clock-module/ClockInnerHand.kicad_pcb)
05-29 11:57:02 hierpcb 61:PCB /home/joe/git/analog-clock-module/Hardware/analog-clock-module/ClockInnerHand.kicad_pcb
  /b69d5859/f9457975: D206
  /b69d5859/f5e8ff5e: D208
  /b69d5859/04eff4c4: D201
  /b69d5859/0ece1f05: D203
  /b69d5859/2daeec3b: D204
  /b69d5859/3d459df6: D202
  /b69d5859/a9673fd9: D207
  /b69d5859/4b370403: D210
  /b69d5859/5f5806f9: D205
  /b69d5859/7fbbbc1d: D209
05-29 11:57:03 hierpcb 124:Selected for 0 : /home/joe/git/analog-clock-module/Hardware/analog-clock-module/ClockInnerHand.kicad_pcb
05-29 11:57:03 hierpcb 141:Anchors  (D201): ['D201', 'D202', 'D203', 'D204', 'D205', 'D206', 'D207', 'D208', 'D209', 'D210']
05-29 11:57:14 hierpcb 36:ERR.2	anchor not found on target
 Message: Expected path /b69d5859-e1f6-4c2b-8a63-fbdbe0845d72/b69d5859-e1f6-4c2b-8a63-fbdbe0845d72/04eff4c4-75d5-4612-9a79-72a9d7f552f3
 SubPCB: /home/joe/git/analog-clock-module/Hardware/analog-clock-module/ClockInnerHand.kicad_pcb
05-29 11:57:14 hierpcb 68:Saved.
