06-05 16:17:49 com_github_MitjaNemec_ReplicateLayout.action_replicate_layout 392:Plugin executed on: 'linux'
06-05 16:17:49 com_github_MitjaNemec_ReplicateLayout.action_replicate_layout 393:Plugin executed with python version: '3.10.12 (main, Nov 20 2023, 15:14:05) [GCC 11.4.0]'
06-05 16:17:49 com_github_MitjaNemec_ReplicateLayout.action_replicate_layout 394:KiCad build version: 7.0.11-7.0.11~ubuntu22.04.1
06-05 16:17:49 com_github_MitjaNemec_ReplicateLayout.action_replicate_layout 395:Plugin version: 2.1.3
06-05 16:17:49 com_github_MitjaNemec_ReplicateLayout.action_replicate_layout 396:Frame repr: <wx._core.Frame object at 0x7ae6d0199750>
06-05 16:17:49 com_github_MitjaNemec_ReplicateLayout.action_replicate_layout 420:Preparing replicator with D201 as a reference
06-05 16:17:49 com_github_MitjaNemec_ReplicateLayout.replicate_layout 117:getting a list of all footprints on board
06-05 16:17:49 com_github_MitjaNemec_ReplicateLayout.action_replicate_layout 468:source anchor footprint is 'D201'
Located on: ['Quadrant', 'Hour1', 'Clock Inner Hand1']
With filenames: ['/home/joe/git/analog-clock-module/Hardware/analog-clock-module/quadrant.kicad_sch', '/home/joe/git/analog-clock-module/Hardware/analog-clock-module/hour.kicad_sch', '/home/joe/git/analog-clock-module/Hardware/analog-clock-module/ClockInnerHand.kicad_sch']
With sheet_id:['Quadrant', 'Hour1', 'Clock Inner Hand1']
06-05 16:17:49 com_github_MitjaNemec_ReplicateLayout.action_replicate_layout 475:Corresponding footprints are 
[('D2001', ['Quadrant', 'Hour3', 'Clock Inner Hand3']), ('D1901', ['Quadrant', 'Hour3', 'Clock Inner Hand5']), ('D1801', ['Quadrant', 'Hour3', 'Clock Inner Hand4']), ('D1701', ['Quadrant', 'Hour3', 'Clock Inner Hand1']), ('D1601', ['Quadrant', 'Hour3', 'Clock Inner Hand2']), ('D201', ['Quadrant', 'Hour1', 'Clock Inner Hand1']), ('D501', ['Quadrant', 'Hour1', 'Clock Inner Hand3']), ('D1201', ['Quadrant', 'Hour2', 'Clock Inner Hand3']), ('D301', ['Quadrant', 'Hour1', 'Clock Inner Hand2']), ('D1101', ['Quadrant', 'Hour2', 'Clock Inner Hand5']), ('D1301', ['Quadrant', 'Hour2', 'Clock Inner Hand4']), ('D701', ['Quadrant', 'Hour1', 'Clock Inner Hand5']), ('D1001', ['Quadrant', 'Hour2', 'Clock Inner Hand2']), ('D901', ['Quadrant', 'Hour2', 'Clock Inner Hand1']), ('D601', ['Quadrant', 'Hour1', 'Clock Inner Hand4'])]
06-05 16:17:49 com_github_MitjaNemec_ReplicateLayout.action_replicate_layout 487:Showing dialog
06-05 16:17:49 com_github_MitjaNemec_ReplicateLayout.replicate_layout 424:constructing a list of sheets suitable for replication on level:'Clock Inner Hand1', file:'/home/joe/git/analog-clock-module/Hardware/analog-clock-module/ClockInnerHand.kicad_sch'
06-05 16:17:49 com_github_MitjaNemec_ReplicateLayout.replicate_layout 461:suitable sheets are:[['Quadrant', 'Hour1', 'Clock Inner Hand2'], ['Quadrant', 'Hour1', 'Clock Inner Hand3'], ['Quadrant', 'Hour1', 'Clock Inner Hand4'], ['Quadrant', 'Hour1', 'Clock Inner Hand5'], ['Quadrant', 'Hour2', 'Clock Inner Hand1'], ['Quadrant', 'Hour2', 'Clock Inner Hand2'], ['Quadrant', 'Hour2', 'Clock Inner Hand3'], ['Quadrant', 'Hour2', 'Clock Inner Hand4'], ['Quadrant', 'Hour2', 'Clock Inner Hand5'], ['Quadrant', 'Hour3', 'Clock Inner Hand1'], ['Quadrant', 'Hour3', 'Clock Inner Hand2'], ['Quadrant', 'Hour3', 'Clock Inner Hand3'], ['Quadrant', 'Hour3', 'Clock Inner Hand4'], ['Quadrant', 'Hour3', 'Clock Inner Hand5']]
06-05 16:17:49 com_github_MitjaNemec_ReplicateLayout.replicate_layout 1464:Level selected: ['Quadrant', 'Hour1', 'Clock Inner Hand1']
06-05 16:17:49 com_github_MitjaNemec_ReplicateLayout.replicate_layout 1299:Filtering list of tracks
06-05 16:17:49 com_github_MitjaNemec_ReplicateLayout.action_replicate_layout 493:Toolbar position: wx.Point(4886, 509)
06-05 16:17:49 com_github_MitjaNemec_ReplicateLayout.action_replicate_layout 498:Dialog position: wx.Point(4447, 509)
06-05 16:18:00 com_github_MitjaNemec_ReplicateLayout.replicate_layout 424:constructing a list of sheets suitable for replication on level:'Hour1', file:'/home/joe/git/analog-clock-module/Hardware/analog-clock-module/hour.kicad_sch'
06-05 16:18:00 com_github_MitjaNemec_ReplicateLayout.replicate_layout 461:suitable sheets are:[['Quadrant', 'Hour2'], ['Quadrant', 'Hour3']]
06-05 16:18:00 com_github_MitjaNemec_ReplicateLayout.replicate_layout 1464:Level selected: ['Quadrant', 'Hour1']
06-05 16:18:00 com_github_MitjaNemec_ReplicateLayout.replicate_layout 1299:Filtering list of tracks
06-05 16:18:07 com_github_MitjaNemec_ReplicateLayout.replicate_layout 424:constructing a list of sheets suitable for replication on level:'Hour1', file:'/home/joe/git/analog-clock-module/Hardware/analog-clock-module/hour.kicad_sch'
06-05 16:18:07 com_github_MitjaNemec_ReplicateLayout.replicate_layout 461:suitable sheets are:[['Quadrant', 'Hour2'], ['Quadrant', 'Hour3']]
06-05 16:18:07 com_github_MitjaNemec_ReplicateLayout.action_replicate_layout 240:Replicating layout
06-05 16:18:07 com_github_MitjaNemec_ReplicateLayout.replicate_layout 240:Starting replication of sheets: [['Quadrant', 'Hour3']]
on level: ['Quadrant', 'Hour1']
with tracks=True, zone=True, text=True, text=True, intersecting=False, remove=False, locked footprints=False, group_only=False
06-05 16:18:07 root 332:updating GUI message: 'Preparing for replication'
06-05 16:18:07 com_github_MitjaNemec_ReplicateLayout.replicate_layout 310:Getting the list of source footprints
06-05 16:18:07 root 337:updating GUI with: 0
06-05 16:18:07 com_github_MitjaNemec_ReplicateLayout.replicate_layout 320:Getting the list of all the remaining footprints
06-05 16:18:07 com_github_MitjaNemec_ReplicateLayout.replicate_layout 327:Getting source tracks
06-05 16:18:07 com_github_MitjaNemec_ReplicateLayout.replicate_layout 1299:Filtering list of tracks
06-05 16:18:07 com_github_MitjaNemec_ReplicateLayout.replicate_layout 331:Getting source zones
06-05 16:18:07 com_github_MitjaNemec_ReplicateLayout.replicate_layout 335:Getting source text items
06-05 16:18:07 com_github_MitjaNemec_ReplicateLayout.replicate_layout 339:Getting source drawing items
06-05 16:18:07 root 332:updating GUI message: 'Replicating footprints'
06-05 16:18:07 com_github_MitjaNemec_ReplicateLayout.replicate_layout 806:Replicating footprints
06-05 16:18:07 com_github_MitjaNemec_ReplicateLayout.replicate_layout 813:Replicating footprints on sheet ['Quadrant', 'Hour3']
06-05 16:18:07 root 332:updating GUI message: 'Replicating tracks'
06-05 16:18:07 com_github_MitjaNemec_ReplicateLayout.replicate_layout 977:Replicating tracks
06-05 16:18:07 root 337:updating GUI with: 0
06-05 16:18:07 com_github_MitjaNemec_ReplicateLayout.replicate_layout 983:Replicating tracks on sheet ['Quadrant', 'Hour3']
06-05 16:18:07 com_github_MitjaNemec_ReplicateLayout.replicate_layout 766:Net pairs for sheet ['Quadrant', 'Hour3'] :[('Net-(D508-DOUT)', 'Net-(D2008-DOUT)'), ('Net-(D504-DOUT)', 'Net-(D2004-DOUT)'), ('Net-(D209-DOUT)', 'Net-(D1709-DOUT)'), ('Net-(D706-DOUT)', 'Net-(D1906-DOUT)'), ('Net-(D602-DOUT)', 'Net-(D1802-DOUT)'), ('Net-(D603-DOUT)', 'Net-(D1803-DOUT)'), ('Net-(D703-DOUT)', 'Net-(D1903-DOUT)'), ('Net-(D601-DOUT)', 'Net-(D1801-DOUT)'), ('Net-(D501-DOUT)', 'Net-(D2001-DOUT)'), ('Net-(D304-DOUT)', 'Net-(D1604-DOUT)'), ('Net-(D509-DOUT)', 'Net-(D2009-DOUT)'), ('Net-(D301-DOUT)', 'Net-(D1601-DOUT)'), ('Net-(D308-DOUT)', 'Net-(D1608-DOUT)'), ('/Quadrant/Hour1/DOUT', '/Quadrant/Hour3/DOUT'), ('Net-(D306-DOUT)', 'Net-(D1606-DOUT)'), ('Net-(D701-DOUT)', 'Net-(D1901-DOUT)'), ('Net-(D204-DOUT)', 'Net-(D1704-DOUT)'), ('+5V', '+5V'), ('Net-(D707-DOUT)', 'Net-(D1907-DOUT)'), ('Net-(D709-DOUT)', 'Net-(D1909-DOUT)'), ('Net-(D305-DOUT)', 'Net-(D1605-DOUT)'), ('Net-(D704-DOUT)', 'Net-(D1904-DOUT)'), ('Net-(D202-DOUT)', 'Net-(D1702-DOUT)'), ('Net-(D607-DOUT)', 'Net-(D1807-DOUT)'), ('Net-(D307-DOUT)', 'Net-(D1607-DOUT)'), ('Net-(D506-DOUT)', 'Net-(D2006-DOUT)'), ('Net-(D309-DOUT)', 'Net-(D1609-DOUT)'), ('Net-(D302-DOUT)', 'Net-(D1602-DOUT)'), ('/Quadrant/Hour1/Clock Inner Hand3/DOUT', '/Quadrant/Hour3/Clock Inner Hand3/DOUT'), ('Net-(D203-DOUT)', 'Net-(D1703-DOUT)'), ('Net-(D609-DOUT)', 'Net-(D1809-DOUT)'), ('Net-(D303-DOUT)', 'Net-(D1603-DOUT)'), ('Net-(D505-DOUT)', 'Net-(D2005-DOUT)'), ('/Quadrant/Hour1/DIN', '/Quadrant/Hour2/DOUT'), ('Net-(D604-DOUT)', 'Net-(D1804-DOUT)'), ('Net-(D206-DOUT)', 'Net-(D1706-DOUT)'), ('Net-(D502-DOUT)', 'Net-(D2002-DOUT)'), ('Net-(D608-DOUT)', 'Net-(D1808-DOUT)'), ('Net-(D708-DOUT)', 'Net-(D1908-DOUT)'), ('Net-(D208-DOUT)', 'Net-(D1708-DOUT)'), ('/Quadrant/Hour1/Clock Inner Hand1/DOUT', '/Quadrant/Hour3/Clock Inner Hand1/DOUT'), ('/Quadrant/Hour1/Clock Inner Hand4/DOUT', '/Quadrant/Hour3/Clock Inner Hand4/DOUT'), ('Net-(D201-DOUT)', 'Net-(D1701-DOUT)'), ('Net-(D702-DOUT)', 'Net-(D1902-DOUT)'), ('GND', 'GND'), ('Net-(D705-DOUT)', 'Net-(D1905-DOUT)'), ('Net-(D507-DOUT)', 'Net-(D2007-DOUT)'), ('Net-(D606-DOUT)', 'Net-(D1806-DOUT)'), ('Net-(D207-DOUT)', 'Net-(D1707-DOUT)'), ('Net-(D605-DOUT)', 'Net-(D1805-DOUT)'), ('Net-(D503-DOUT)', 'Net-(D2003-DOUT)'), ('/Quadrant/Hour1/Clock Inner Hand2/DOUT', '/Quadrant/Hour3/Clock Inner Hand2/DOUT'), ('Net-(D205-DOUT)', 'Net-(D1705-DOUT)')]
06-05 16:18:07 root 332:updating GUI message: 'Replicating zones'
06-05 16:18:07 com_github_MitjaNemec_ReplicateLayout.replicate_layout 1047:Replicating zones
06-05 16:18:07 com_github_MitjaNemec_ReplicateLayout.replicate_layout 1054:Replicating zones on sheet ['Quadrant', 'Hour3']
06-05 16:18:07 com_github_MitjaNemec_ReplicateLayout.replicate_layout 766:Net pairs for sheet ['Quadrant', 'Hour3'] :[('Net-(D508-DOUT)', 'Net-(D2008-DOUT)'), ('Net-(D504-DOUT)', 'Net-(D2004-DOUT)'), ('Net-(D209-DOUT)', 'Net-(D1709-DOUT)'), ('Net-(D706-DOUT)', 'Net-(D1906-DOUT)'), ('Net-(D602-DOUT)', 'Net-(D1802-DOUT)'), ('Net-(D603-DOUT)', 'Net-(D1803-DOUT)'), ('Net-(D703-DOUT)', 'Net-(D1903-DOUT)'), ('Net-(D601-DOUT)', 'Net-(D1801-DOUT)'), ('Net-(D501-DOUT)', 'Net-(D2001-DOUT)'), ('Net-(D304-DOUT)', 'Net-(D1604-DOUT)'), ('Net-(D509-DOUT)', 'Net-(D2009-DOUT)'), ('Net-(D301-DOUT)', 'Net-(D1601-DOUT)'), ('Net-(D308-DOUT)', 'Net-(D1608-DOUT)'), ('/Quadrant/Hour1/DOUT', '/Quadrant/Hour3/DOUT'), ('Net-(D306-DOUT)', 'Net-(D1606-DOUT)'), ('Net-(D701-DOUT)', 'Net-(D1901-DOUT)'), ('Net-(D204-DOUT)', 'Net-(D1704-DOUT)'), ('+5V', '+5V'), ('Net-(D707-DOUT)', 'Net-(D1907-DOUT)'), ('Net-(D709-DOUT)', 'Net-(D1909-DOUT)'), ('Net-(D305-DOUT)', 'Net-(D1605-DOUT)'), ('Net-(D704-DOUT)', 'Net-(D1904-DOUT)'), ('Net-(D202-DOUT)', 'Net-(D1702-DOUT)'), ('Net-(D607-DOUT)', 'Net-(D1807-DOUT)'), ('Net-(D307-DOUT)', 'Net-(D1607-DOUT)'), ('Net-(D506-DOUT)', 'Net-(D2006-DOUT)'), ('Net-(D309-DOUT)', 'Net-(D1609-DOUT)'), ('Net-(D302-DOUT)', 'Net-(D1602-DOUT)'), ('/Quadrant/Hour1/Clock Inner Hand3/DOUT', '/Quadrant/Hour3/Clock Inner Hand3/DOUT'), ('Net-(D203-DOUT)', 'Net-(D1703-DOUT)'), ('Net-(D609-DOUT)', 'Net-(D1809-DOUT)'), ('Net-(D303-DOUT)', 'Net-(D1603-DOUT)'), ('Net-(D505-DOUT)', 'Net-(D2005-DOUT)'), ('/Quadrant/Hour1/DIN', '/Quadrant/Hour2/DOUT'), ('Net-(D604-DOUT)', 'Net-(D1804-DOUT)'), ('Net-(D206-DOUT)', 'Net-(D1706-DOUT)'), ('Net-(D502-DOUT)', 'Net-(D2002-DOUT)'), ('Net-(D608-DOUT)', 'Net-(D1808-DOUT)'), ('Net-(D708-DOUT)', 'Net-(D1908-DOUT)'), ('Net-(D208-DOUT)', 'Net-(D1708-DOUT)'), ('/Quadrant/Hour1/Clock Inner Hand1/DOUT', '/Quadrant/Hour3/Clock Inner Hand1/DOUT'), ('/Quadrant/Hour1/Clock Inner Hand4/DOUT', '/Quadrant/Hour3/Clock Inner Hand4/DOUT'), ('Net-(D201-DOUT)', 'Net-(D1701-DOUT)'), ('Net-(D702-DOUT)', 'Net-(D1902-DOUT)'), ('GND', 'GND'), ('Net-(D705-DOUT)', 'Net-(D1905-DOUT)'), ('Net-(D507-DOUT)', 'Net-(D2007-DOUT)'), ('Net-(D606-DOUT)', 'Net-(D1806-DOUT)'), ('Net-(D207-DOUT)', 'Net-(D1707-DOUT)'), ('Net-(D605-DOUT)', 'Net-(D1805-DOUT)'), ('Net-(D503-DOUT)', 'Net-(D2003-DOUT)'), ('/Quadrant/Hour1/Clock Inner Hand2/DOUT', '/Quadrant/Hour3/Clock Inner Hand2/DOUT'), ('Net-(D205-DOUT)', 'Net-(D1705-DOUT)')]
06-05 16:18:07 root 332:updating GUI message: 'Replicating text'
06-05 16:18:07 root 337:updating GUI with: 0
06-05 16:18:07 com_github_MitjaNemec_ReplicateLayout.replicate_layout 1136:Replicating text
06-05 16:18:07 com_github_MitjaNemec_ReplicateLayout.replicate_layout 1143:Replicating text on sheet ['Quadrant', 'Hour3']
06-05 16:18:07 root 332:updating GUI message: 'Replicating drawings'
06-05 16:18:07 com_github_MitjaNemec_ReplicateLayout.replicate_layout 1187:Replicating drawings
06-05 16:18:07 com_github_MitjaNemec_ReplicateLayout.replicate_layout 1193:Replicating drawings on sheet ['Quadrant', 'Hour3']
06-05 16:18:08 com_github_MitjaNemec_ReplicateLayout.action_replicate_layout 256:Replication complete
